<?xml version="1.0" encoding="UTF-8"?>
<!-- Generated by org.testng.reporters.JUnitReportReporter -->
<testsuite hostname="DESKTOP-FBE7IIT" failures="0" tests="1" name="spotify.oauth2.tests.PlaylistTests" time="2.984" errors="0" timestamp="2024-03-13T14:28:18 IST" skipped="0">
  <testcase classname="spotify.oauth2.tests.PlaylistTests" name="shouldNotBeAbleToCreateAPlaylistWithExpiredToken" time="2.984"/>
</testsuite> <!-- spotify.oauth2.tests.PlaylistTests -->
