<?xml version="1.0" encoding="UTF-8"?>
<!-- Generated by org.testng.reporters.JUnitReportReporter -->
<testsuite hostname="DESKTOP-FBE7IIT" failures="0" tests="5" name="com.spotify.oauth2.tests.PlaylistTests" time="6.548" errors="0" timestamp="2024-03-14T19:11:00 IST" skipped="0">
  <testcase classname="com.spotify.oauth2.tests.PlaylistTests" name="shouldBeAbleToCreateAPlaylist" time="5.073"/>
  <testcase classname="com.spotify.oauth2.tests.PlaylistTests" name="shouldBeAbleToGetAPlaylist" time="0.424"/>
  <testcase classname="com.spotify.oauth2.tests.PlaylistTests" name="shouldNotBeAbleToCreateAPlaylistWithExpiredToken" time="0.321"/>
  <testcase classname="com.spotify.oauth2.tests.PlaylistTests" name="shouldNotBeAbleToCreateAPlaylistWithoutName" time="0.329"/>
  <testcase classname="com.spotify.oauth2.tests.PlaylistTests" name="shouldBeAbleToUpdateAPlaylist" time="0.401"/>
</testsuite> <!-- com.spotify.oauth2.tests.PlaylistTests -->
